

Started GET "/assets/rails.png" for 127.0.0.1 at 2012-07-13 19:48:48 -0400
Served asset /rails.png - 404 Not Found (14ms)

ActionController::RoutingError (No route matches [GET] "/assets/rails.png"):
  actionpack (3.2.3) lib/action_dispatch/middleware/debug_exceptions.rb:21:in `call'
  actionpack (3.2.3) lib/action_dispatch/middleware/show_exceptions.rb:56:in `call'
  railties (3.2.3) lib/rails/rack/logger.rb:26:in `call_app'
  railties (3.2.3) lib/rails/rack/logger.rb:16:in `call'
  actionpack (3.2.3) lib/action_dispatch/middleware/request_id.rb:22:in `call'
  rack (1.4.1) lib/rack/methodoverride.rb:21:in `call'
  rack (1.4.1) lib/rack/runtime.rb:17:in `call'
  activesupport (3.2.3) lib/active_support/cache/strategy/local_cache.rb:72:in `call'
  rack (1.4.1) lib/rack/lock.rb:15:in `call'
  actionpack (3.2.3) lib/action_dispatch/middleware/static.rb:62:in `call'
  railties (3.2.3) lib/rails/engine.rb:479:in `call'
  railties (3.2.3) lib/rails/application.rb:220:in `call'
  rack (1.4.1) lib/rack/content_length.rb:14:in `call'
  railties (3.2.3) lib/rails/rack/log_tailer.rb:14:in `call'
  rack (1.4.1) lib/rack/handler/webrick.rb:59:in `service'
  C:/RailsInstaller/Ruby1.9.3/lib/ruby/1.9.1/webrick/httpserver.rb:138:in `service'
  C:/RailsInstaller/Ruby1.9.3/lib/ruby/1.9.1/webrick/httpserver.rb:94:in `run'
  C:/RailsInstaller/Ruby1.9.3/lib/ruby/1.9.1/webrick/server.rb:191:in `block in start_thread'


  Rendered C:/RailsInstaller/Ruby1.9.3/lib/ruby/gems/1.9.1/gems/actionpack-3.2.3/lib/action_dispatch/middleware/templates/rescues/routing_error.erb within rescues/layout (31.0ms)


Started GET "/" for 127.0.0.1 at 2012-07-13 19:50:00 -0400
Processing by ShowVideosController#init as HTML
  Rendered show_videos/init.html.erb within layouts/application (1.0ms)
Compiled home/home.css  (35ms)  (pid 3772)
Compiled show_videos.css  (1ms)  (pid 3772)
Compiled smoothness/jquery-ui-1.8.21.custom.css  (0ms)  (pid 3772)
Compiled styles.css  (0ms)  (pid 3772)
Compiled themes/default/default.css  (0ms)  (pid 3772)
Compiled application.css  (194ms)  (pid 3772)
Compiled jquery.js  (1ms)  (pid 3772)
Compiled jquery_ujs.js  (0ms)  (pid 3772)
Compiled about.js  (0ms)  (pid 3772)
Compiled contact.js  (0ms)  (pid 3772)
Compiled domUtil.js  (0ms)  (pid 3772)
Compiled home/home.js  (257ms)  (pid 3772)
Compiled infoDialog.js  (0ms)  (pid 3772)
Compiled menu.js  (0ms)  (pid 3772)
Compiled progressDialog.js  (0ms)  (pid 3772)
Compiled show_videos.js  (123ms)  (pid 3772)
Compiled ui/jquery-ui-1.8.21.custom.js  (2ms)  (pid 3772)
Compiled ui/jquery.effects.blind.js  (0ms)  (pid 3772)
Compiled ui/jquery.effects.bounce.js  (0ms)  (pid 3772)
Compiled ui/jquery.effects.clip.js  (0ms)  (pid 3772)
Compiled ui/jquery.effects.core.js  (0ms)  (pid 3772)
Compiled ui/jquery.effects.drop.js  (0ms)  (pid 3772)
Compiled ui/jquery.effects.explode.js  (0ms)  (pid 3772)
Compiled ui/jquery.effects.fade.js  (0ms)  (pid 3772)
Compiled ui/jquery.effects.fold.js  (0ms)  (pid 3772)
Compiled ui/jquery.effects.highlight.js  (0ms)  (pid 3772)
Compiled ui/jquery.effects.pulsate.js  (0ms)  (pid 3772)
Compiled ui/jquery.effects.scale.js  (0ms)  (pid 3772)
Compiled ui/jquery.effects.shake.js  (0ms)  (pid 3772)
Compiled ui/jquery.effects.slide.js  (0ms)  (pid 3772)
Compiled ui/jquery.effects.transfer.js  (0ms)  (pid 3772)
Compiled ui/jquery.ui.button.js  (0ms)  (pid 3772)
Compiled ui/jquery.ui.core.js  (0ms)  (pid 3772)
Compiled ui/jquery.ui.dialog.js  (1ms)  (pid 3772)
Compiled ui/jquery.ui.draggable.js  (0ms)  (pid 3772)
Compiled ui/jquery.ui.droppable.js  (0ms)  (pid 3772)
Compiled ui/jquery.ui.mouse.js  (0ms)  (pid 3772)
Compiled ui/jquery.ui.position.js  (0ms)  (pid 3772)
Compiled ui/jquery.ui.progressbar.js  (0ms)  (pid 3772)
Compiled ui/jquery.ui.resizable.js  (0ms)  (pid 3772)
Compiled ui/jquery.ui.selectable.js  (0ms)  (pid 3772)
Compiled ui/jquery.ui.sortable.js  (0ms)  (pid 3772)
Compiled ui/jquery.ui.widget.js  (0ms)  (pid 3772)
Compiled util.js  (0ms)  (pid 3772)
Compiled videolist.js  (0ms)  (pid 3772)
Compiled youtube_player.js  (0ms)  (pid 3772)
Compiled application.js  (1028ms)  (pid 3772)
Completed 200 OK in 2740ms (Views: 1322.1ms | ActiveRecord: 0.0ms)


Started GET "/assets/application.css?body=1" for 127.0.0.1 at 2012-07-13 19:50:04 -0400
Served asset /application.css - 304 Not Modified (11ms)


Started GET "/assets/show_videos.css?body=1" for 127.0.0.1 at 2012-07-13 19:50:04 -0400
Served asset /show_videos.css - 304 Not Modified (2ms)


Started GET "/assets/home/home.css?body=1" for 127.0.0.1 at 2012-07-13 19:50:04 -0400
Served asset /home/home.css - 304 Not Modified (4ms)


Started GET "/assets/styles.css?body=1" for 127.0.0.1 at 2012-07-13 19:50:04 -0400
Served asset /styles.css - 200 OK (3ms)


Started GET "/assets/smoothness/jquery-ui-1.8.21.custom.css?body=1" for 127.0.0.1 at 2012-07-13 19:50:04 -0400
Served asset /smoothness/jquery-ui-1.8.21.custom.css - 304 Not Modified (3ms)


Started GET "/assets/themes/default/default.css?body=1" for 127.0.0.1 at 2012-07-13 19:50:04 -0400
Served asset /themes/default/default.css - 304 Not Modified (2ms)


Started GET "/assets/jquery.js?body=1" for 127.0.0.1 at 2012-07-13 19:50:04 -0400
Served asset /jquery.js - 304 Not Modified (3ms)


Started GET "/assets/jquery_ujs.js?body=1" for 127.0.0.1 at 2012-07-13 19:50:04 -0400
Served asset /jquery_ujs.js - 304 Not Modified (3ms)


Started GET "/assets/about.js?body=1" for 127.0.0.1 at 2012-07-13 19:50:04 -0400
Served asset /about.js - 304 Not Modified (0ms)


Started GET "/assets/contact.js?body=1" for 127.0.0.1 at 2012-07-13 19:50:04 -0400
Served asset /contact.js - 200 OK (2ms)


Started GET "/assets/domUtil.js?body=1" for 127.0.0.1 at 2012-07-13 19:50:04 -0400
Served asset /domUtil.js - 304 Not Modified (1ms)


Started GET "/assets/infoDialog.js?body=1" for 127.0.0.1 at 2012-07-13 19:50:04 -0400
Served asset /infoDialog.js - 304 Not Modified (2ms)


Started GET "/assets/home/home.js?body=1" for 127.0.0.1 at 2012-07-13 19:50:04 -0400
Served asset /home/home.js - 304 Not Modified (0ms)


Started GET "/assets/progressDialog.js?body=1" for 127.0.0.1 at 2012-07-13 19:50:04 -0400
Served asset /progressDialog.js - 304 Not Modified (2ms)


Started GET "/assets/menu.js?body=1" for 127.0.0.1 at 2012-07-13 19:50:04 -0400
Served asset /menu.js - 304 Not Modified (0ms)


Started GET "/assets/show_videos.js?body=1" for 127.0.0.1 at 2012-07-13 19:50:04 -0400
Served asset /show_videos.js - 304 Not Modified (0ms)


Started GET "/assets/ui/jquery.effects.drop.js?body=1" for 127.0.0.1 at 2012-07-13 19:50:04 -0400
Served asset /ui/jquery.effects.drop.js - 304 Not Modified (3ms)


Started GET "/assets/ui/jquery-ui-1.8.21.custom.js?body=1" for 127.0.0.1 at 2012-07-13 19:50:04 -0400
Served asset /ui/jquery-ui-1.8.21.custom.js - 304 Not Modified (18ms)


Started GET "/assets/ui/jquery.effects.blind.js?body=1" for 127.0.0.1 at 2012-07-13 19:50:04 -0400
Served asset /ui/jquery.effects.blind.js - 304 Not Modified (2ms)


Started GET "/assets/ui/jquery.effects.clip.js?body=1" for 127.0.0.1 at 2012-07-13 19:50:04 -0400
Served asset /ui/jquery.effects.clip.js - 304 Not Modified (3ms)


Started GET "/assets/ui/jquery.effects.bounce.js?body=1" for 127.0.0.1 at 2012-07-13 19:50:04 -0400
Served asset /ui/jquery.effects.bounce.js - 304 Not Modified (3ms)


Started GET "/assets/ui/jquery.effects.core.js?body=1" for 127.0.0.1 at 2012-07-13 19:50:04 -0400
Served asset /ui/jquery.effects.core.js - 304 Not Modified (1ms)


Started GET "/assets/ui/jquery.effects.explode.js?body=1" for 127.0.0.1 at 2012-07-13 19:50:04 -0400
Served asset /ui/jquery.effects.explode.js - 304 Not Modified (1ms)


Started GET "/assets/ui/jquery.effects.fade.js?body=1" for 127.0.0.1 at 2012-07-13 19:50:04 -0400
Served asset /ui/jquery.effects.fade.js - 304 Not Modified (1ms)


Started GET "/assets/ui/jquery.effects.fold.js?body=1" for 127.0.0.1 at 2012-07-13 19:50:04 -0400
Served asset /ui/jquery.effects.fold.js - 304 Not Modified (2ms)


Started GET "/assets/ui/jquery.effects.highlight.js?body=1" for 127.0.0.1 at 2012-07-13 19:50:04 -0400
Served asset /ui/jquery.effects.highlight.js - 304 Not Modified (1ms)


Started GET "/assets/ui/jquery.effects.pulsate.js?body=1" for 127.0.0.1 at 2012-07-13 19:50:04 -0400
Served asset /ui/jquery.effects.pulsate.js - 304 Not Modified (19ms)


Started GET "/assets/ui/jquery.effects.scale.js?body=1" for 127.0.0.1 at 2012-07-13 19:50:04 -0400
Served asset /ui/jquery.effects.scale.js - 304 Not Modified (3ms)


Started GET "/assets/ui/jquery.effects.shake.js?body=1" for 127.0.0.1 at 2012-07-13 19:50:04 -0400
Served asset /ui/jquery.effects.shake.js - 304 Not Modified (4ms)


Started GET "/assets/ui/jquery.effects.slide.js?body=1" for 127.0.0.1 at 2012-07-13 19:50:04 -0400
Served asset /ui/jquery.effects.slide.js - 304 Not Modified (3ms)


Started GET "/assets/ui/jquery.effects.transfer.js?body=1" for 127.0.0.1 at 2012-07-13 19:50:04 -0400
Served asset /ui/jquery.effects.transfer.js - 304 Not Modified (3ms)


Started GET "/assets/ui/jquery.ui.button.js?body=1" for 127.0.0.1 at 2012-07-13 19:50:04 -0400
Served asset /ui/jquery.ui.button.js - 304 Not Modified (1ms)


Started GET "/assets/ui/jquery.ui.core.js?body=1" for 127.0.0.1 at 2012-07-13 19:50:04 -0400
Served asset /ui/jquery.ui.core.js - 304 Not Modified (3ms)


Started GET "/assets/ui/jquery.ui.dialog.js?body=1" for 127.0.0.1 at 2012-07-13 19:50:04 -0400
Served asset /ui/jquery.ui.dialog.js - 304 Not Modified (2ms)


Started GET "/assets/ui/jquery.ui.droppable.js?body=1" for 127.0.0.1 at 2012-07-13 19:50:04 -0400
Served asset /ui/jquery.ui.droppable.js - 304 Not Modified (3ms)


Started GET "/assets/ui/jquery.ui.draggable.js?body=1" for 127.0.0.1 at 2012-07-13 19:50:04 -0400
Served asset /ui/jquery.ui.draggable.js - 304 Not Modified (2ms)


Started GET "/assets/ui/jquery.ui.mouse.js?body=1" for 127.0.0.1 at 2012-07-13 19:50:04 -0400
Served asset /ui/jquery.ui.mouse.js - 304 Not Modified (2ms)


Started GET "/assets/ui/jquery.ui.position.js?body=1" for 127.0.0.1 at 2012-07-13 19:50:04 -0400
Served asset /ui/jquery.ui.position.js - 304 Not Modified (2ms)


Started GET "/assets/ui/jquery.ui.progressbar.js?body=1" for 127.0.0.1 at 2012-07-13 19:50:04 -0400
Served asset /ui/jquery.ui.progressbar.js - 304 Not Modified (2ms)


Started GET "/assets/ui/jquery.ui.resizable.js?body=1" for 127.0.0.1 at 2012-07-13 19:50:04 -0400
Served asset /ui/jquery.ui.resizable.js - 304 Not Modified (1ms)


Started GET "/assets/ui/jquery.ui.selectable.js?body=1" for 127.0.0.1 at 2012-07-13 19:50:04 -0400
Served asset /ui/jquery.ui.selectable.js - 304 Not Modified (2ms)


Started GET "/assets/videolist.js?body=1" for 127.0.0.1 at 2012-07-13 19:50:04 -0400
Served asset /videolist.js - 304 Not Modified (0ms)


Started GET "/assets/util.js?body=1" for 127.0.0.1 at 2012-07-13 19:50:04 -0400
Served asset /util.js - 304 Not Modified (2ms)


Started GET "/assets/ui/jquery.ui.sortable.js?body=1" for 127.0.0.1 at 2012-07-13 19:50:04 -0400
Served asset /ui/jquery.ui.sortable.js - 304 Not Modified (1ms)


Started GET "/assets/youtube_player.js?body=1" for 127.0.0.1 at 2012-07-13 19:50:04 -0400
Served asset /youtube_player.js - 304 Not Modified (2ms)


Started GET "/assets/ui/jquery.ui.widget.js?body=1" for 127.0.0.1 at 2012-07-13 19:50:04 -0400
Served asset /ui/jquery.ui.widget.js - 304 Not Modified (13ms)


Started GET "/assets/application.js?body=1" for 127.0.0.1 at 2012-07-13 19:50:05 -0400
Served asset /application.js - 304 Not Modified (34ms)


Started GET "/assets/logo.jpg" for 127.0.0.1 at 2012-07-13 19:50:05 -0400
Served asset /logo.jpg - 304 Not Modified (13ms)


Started GET "/show_videos/get_list?category=All" for 127.0.0.1 at 2012-07-13 19:50:05 -0400
Processing by ShowVideosController#get_list as JSON
  Parameters: {"category"=>"All"}
Completed 200 OK in 1568ms (Views: 8.0ms | ActiveRecord: 0.0ms)


Started GET "/assets/smoothness/images/ui-bg_flat_75_ffffff_40x100.png" for 127.0.0.1 at 2012-07-13 19:50:06 -0400
Served asset /smoothness/images/ui-bg_flat_75_ffffff_40x100.png - 304 Not Modified (11ms)


Started GET "/assets/PreviousVid2.png" for 127.0.0.1 at 2012-07-13 19:50:06 -0400
Served asset /PreviousVid2.png - 304 Not Modified (13ms)


Started GET "/assets/smoothness/images/ui-icons_222222_256x240.png" for 127.0.0.1 at 2012-07-13 19:50:06 -0400
Served asset /smoothness/images/ui-icons_222222_256x240.png - 304 Not Modified (10ms)


Started GET "/assets/NextVid2.png" for 127.0.0.1 at 2012-07-13 19:50:06 -0400
Served asset /NextVid2.png - 200 OK (14ms)


Started GET "/assets/smoothness/images/ui-bg_highlight-soft_75_cccccc_1x100.png" for 127.0.0.1 at 2012-07-13 19:50:06 -0400
Served asset /smoothness/images/ui-bg_highlight-soft_75_cccccc_1x100.png - 304 Not Modified (14ms)
